c:\users\l011092i\onedrive - staffordshire university\fggsd tutorials\13_freeglut\13_freeglut\debug\vc141.pdb
c:\users\l011092i\onedrive - staffordshire university\fggsd tutorials\13_freeglut\13_freeglut\debug\vc141.idb
c:\users\l011092i\onedrive - staffordshire university\fggsd tutorials\13_freeglut\13_freeglut\debug\texture2d.obj
c:\users\l011092i\onedrive - staffordshire university\fggsd tutorials\13_freeglut\13_freeglut\debug\test.obj
c:\users\l011092i\onedrive - staffordshire university\fggsd tutorials\13_freeglut\13_freeglut\debug\sceneobject.obj
c:\users\l011092i\onedrive - staffordshire university\fggsd tutorials\13_freeglut\13_freeglut\debug\pyramid.obj
c:\users\l011092i\onedrive - staffordshire university\fggsd tutorials\13_freeglut\13_freeglut\debug\meshloader.obj
c:\users\l011092i\onedrive - staffordshire university\fggsd tutorials\13_freeglut\13_freeglut\debug\main.obj
c:\users\l011092i\onedrive - staffordshire university\fggsd tutorials\13_freeglut\13_freeglut\debug\linkedlist.obj
c:\users\l011092i\onedrive - staffordshire university\fggsd tutorials\13_freeglut\13_freeglut\debug\glutcallbacks.obj
c:\users\l011092i\onedrive - staffordshire university\fggsd tutorials\13_freeglut\13_freeglut\debug\cube.obj
c:\users\l011092i\onedrive - staffordshire university\fggsd tutorials\13_freeglut\debug\13_freeglut.exe
c:\users\l011092i\onedrive - staffordshire university\fggsd tutorials\13_freeglut\debug\13_freeglut.ilk
c:\users\l011092i\onedrive - staffordshire university\fggsd tutorials\13_freeglut\debug\13_freeglut.pdb
c:\users\l011092i\onedrive - staffordshire university\fggsd tutorials\13_freeglut\13_freeglut\debug\linkedlist.obj.enc
c:\users\l011092i\onedrive - staffordshire university\fggsd tutorials\13_freeglut\13_freeglut\debug\13_freeglut.tlog\cl.command.1.tlog
c:\users\l011092i\onedrive - staffordshire university\fggsd tutorials\13_freeglut\13_freeglut\debug\13_freeglut.tlog\cl.read.1.tlog
c:\users\l011092i\onedrive - staffordshire university\fggsd tutorials\13_freeglut\13_freeglut\debug\13_freeglut.tlog\cl.write.1.tlog
c:\users\l011092i\onedrive - staffordshire university\fggsd tutorials\13_freeglut\13_freeglut\debug\13_freeglut.tlog\link.command.1.tlog
c:\users\l011092i\onedrive - staffordshire university\fggsd tutorials\13_freeglut\13_freeglut\debug\13_freeglut.tlog\link.read.1.tlog
c:\users\l011092i\onedrive - staffordshire university\fggsd tutorials\13_freeglut\13_freeglut\debug\13_freeglut.tlog\link.write.1.tlog
