c:\users\l011092i\onedrive - staffordshire university\gec tutorials\mariobaseproject\mariobaseproject\debug\vc141.pdb
c:\users\l011092i\onedrive - staffordshire university\gec tutorials\mariobaseproject\mariobaseproject\debug\vc141.idb
c:\users\l011092i\onedrive - staffordshire university\gec tutorials\mariobaseproject\mariobaseproject\debug\texture2d.obj
c:\users\l011092i\onedrive - staffordshire university\gec tutorials\mariobaseproject\mariobaseproject\debug\textparser.obj
c:\users\l011092i\onedrive - staffordshire university\gec tutorials\mariobaseproject\mariobaseproject\debug\questblock.obj
c:\users\l011092i\onedrive - staffordshire university\gec tutorials\mariobaseproject\mariobaseproject\debug\powblock.obj
c:\users\l011092i\onedrive - staffordshire university\gec tutorials\mariobaseproject\mariobaseproject\debug\main.obj
c:\users\l011092i\onedrive - staffordshire university\gec tutorials\mariobaseproject\mariobaseproject\debug\levelmap.obj
c:\users\l011092i\onedrive - staffordshire university\gec tutorials\mariobaseproject\mariobaseproject\debug\gamescreenovermario.obj
c:\users\l011092i\onedrive - staffordshire university\gec tutorials\mariobaseproject\mariobaseproject\debug\gamescreenmenu.obj
c:\users\l011092i\onedrive - staffordshire university\gec tutorials\mariobaseproject\mariobaseproject\debug\gamescreenmanager.obj
c:\users\l011092i\onedrive - staffordshire university\gec tutorials\mariobaseproject\mariobaseproject\debug\gamescreenlevel2.obj
c:\users\l011092i\onedrive - staffordshire university\gec tutorials\mariobaseproject\mariobaseproject\debug\gamescreenlevel1.obj
c:\users\l011092i\onedrive - staffordshire university\gec tutorials\mariobaseproject\mariobaseproject\debug\gamescreen.obj
c:\users\l011092i\onedrive - staffordshire university\gec tutorials\mariobaseproject\mariobaseproject\debug\collisions.obj
c:\users\l011092i\onedrive - staffordshire university\gec tutorials\mariobaseproject\mariobaseproject\debug\characterquester.obj
c:\users\l011092i\onedrive - staffordshire university\gec tutorials\mariobaseproject\mariobaseproject\debug\charactermario.obj
c:\users\l011092i\onedrive - staffordshire university\gec tutorials\mariobaseproject\mariobaseproject\debug\characterluigi.obj
c:\users\l011092i\onedrive - staffordshire university\gec tutorials\mariobaseproject\mariobaseproject\debug\characterkoopa.obj
c:\users\l011092i\onedrive - staffordshire university\gec tutorials\mariobaseproject\mariobaseproject\debug\charactercoin.obj
c:\users\l011092i\onedrive - staffordshire university\gec tutorials\mariobaseproject\mariobaseproject\debug\character.obj
c:\users\l011092i\onedrive - staffordshire university\gec tutorials\mariobaseproject\mariobaseproject\debug\questblockspike.obj
c:\users\l011092i\onedrive - staffordshire university\gec tutorials\mariobaseproject\mariobaseproject\debug\questblocklong.obj
c:\users\l011092i\onedrive - staffordshire university\gec tutorials\mariobaseproject\mariobaseproject\debug\queststar.obj
c:\users\l011092i\onedrive - staffordshire university\gec tutorials\mariobaseproject\mariobaseproject\debug\questobject.obj
c:\users\l011092i\onedrive - staffordshire university\gec tutorials\mariobaseproject\mariobaseproject\debug\gamescreenoverhatquest.obj
c:\users\l011092i\onedrive - staffordshire university\gec tutorials\mariobaseproject\mariobaseproject\debug\questhat.obj
c:\users\l011092i\onedrive - staffordshire university\gec tutorials\mariobaseproject\mariobaseproject\debug\gamescreenwinhatquest.obj
c:\users\l011092i\onedrive - staffordshire university\gec tutorials\mariobaseproject\debug\mariobaseproject.exe
c:\users\l011092i\onedrive - staffordshire university\gec tutorials\mariobaseproject\debug\mariobaseproject.ilk
c:\users\l011092i\onedrive - staffordshire university\gec tutorials\mariobaseproject\debug\mariobaseproject.pdb
c:\users\l011092i\onedrive - staffordshire university\gec tutorials\mariobaseproject\mariobaseproject\debug\gamescreenlevel1.obj.enc
c:\users\l011092i\onedrive - staffordshire university\gec tutorials\mariobaseproject\mariobaseproject\debug\gamescreenlevel2.obj.enc
c:\users\l011092i\onedrive - staffordshire university\gec tutorials\mariobaseproject\mariobaseproject\debug\gamescreenoverhatquest.obj.enc
c:\users\l011092i\onedrive - staffordshire university\gec tutorials\mariobaseproject\mariobaseproject\debug\gamescreenovermario.obj.enc
c:\users\l011092i\onedrive - staffordshire university\gec tutorials\mariobaseproject\mariobaseproject\debug\gamescreenwinhatquest.obj.enc
c:\users\l011092i\onedrive - staffordshire university\gec tutorials\mariobaseproject\mariobaseproject\debug\mariobaseproject.tlog\cl.command.1.tlog
c:\users\l011092i\onedrive - staffordshire university\gec tutorials\mariobaseproject\mariobaseproject\debug\mariobaseproject.tlog\cl.read.1.tlog
c:\users\l011092i\onedrive - staffordshire university\gec tutorials\mariobaseproject\mariobaseproject\debug\mariobaseproject.tlog\cl.write.1.tlog
c:\users\l011092i\onedrive - staffordshire university\gec tutorials\mariobaseproject\mariobaseproject\debug\mariobaseproject.tlog\link.command.1.tlog
c:\users\l011092i\onedrive - staffordshire university\gec tutorials\mariobaseproject\mariobaseproject\debug\mariobaseproject.tlog\link.read.1.tlog
c:\users\l011092i\onedrive - staffordshire university\gec tutorials\mariobaseproject\mariobaseproject\debug\mariobaseproject.tlog\link.write.1.tlog
